Using pre-set license
Built from '2020.3/staging' branch; Version is '2020.3.8f1 (507919d4fff5) revision 5273881'; Using compiler version '192528614'; Build Type 'Release'
OS: 'Windows 10 Education; OS build 19043.1052; Version 2009; 64bit' Language: 'en' Physical Memory: 16200 MB
BatchMode: 1, IsHumanControllingUs: 0, StartBugReporterOnCrash: 0, Is64bit: 1, IsPro: 0

 COMMAND LINE ARGUMENTS:
C:\Program Files\Unity\Hub\Editor\2020.3.8f1\Editor\Unity.exe
-adb2
-batchMode
-noUpm
-name
AssetImportWorker0
-projectPath
C:/ZZ__Personal/Studies/UJI/2020-2021/Graduation Project/Project/tfg_gyroscope_tetris/tfg_gyroscope_tetris
-logFile
Logs/AssetImportWorker0.log
-srvPort
60675
Successfully changed project path to: C:/ZZ__Personal/Studies/UJI/2020-2021/Graduation Project/Project/tfg_gyroscope_tetris/tfg_gyroscope_tetris
C:/ZZ__Personal/Studies/UJI/2020-2021/Graduation Project/Project/tfg_gyroscope_tetris/tfg_gyroscope_tetris
Using Asset Import Pipeline V2.
Refreshing native plugins compatible for Editor in 46.75 ms, found 1 plugins.
Preloading 0 native plugins for Editor in 0.00 ms.
Initialize engine version: 2020.3.8f1 (507919d4fff5)
[Subsystems] Discovering subsystems at path C:/Program Files/Unity/Hub/Editor/2020.3.8f1/Editor/Data/Resources/UnitySubsystems
[Subsystems] Discovering subsystems at path C:/ZZ__Personal/Studies/UJI/2020-2021/Graduation Project/Project/tfg_gyroscope_tetris/tfg_gyroscope_tetris/Assets
GfxDevice: creating device client; threaded=0
Direct3D:
    Version:  Direct3D 11.0 [level 11.1]
    Renderer: NVIDIA GeForce RTX 3070 Laptop GPU (ID=0x249d)
    Vendor:   
    VRAM:     8044 MB
    Driver:   27.21.14.5774
Initialize mono
Mono path[0] = 'C:/Program Files/Unity/Hub/Editor/2020.3.8f1/Editor/Data/Managed'
Mono path[1] = 'C:/Program Files/Unity/Hub/Editor/2020.3.8f1/Editor/Data/MonoBleedingEdge/lib/mono/unityjit'
Mono config path = 'C:/Program Files/Unity/Hub/Editor/2020.3.8f1/Editor/Data/MonoBleedingEdge/etc'
Using monoOptions --debugger-agent=transport=dt_socket,embedding=1,server=y,suspend=n,address=127.0.0.1:56796
Begin MonoManager ReloadAssembly
Registering precompiled unity dll's ...
Register platform support module: C:/Program Files/Unity/Hub/Editor/2020.3.8f1/Editor/Data/PlaybackEngines/WebGLSupport/UnityEditor.WebGL.Extensions.dll
Register platform support module: C:/Program Files/Unity/Hub/Editor/2020.3.8f1/Editor/Data/PlaybackEngines/WindowsStandaloneSupport/UnityEditor.WindowsStandalone.Extensions.dll
Registered in 0.002133 seconds.
Native extension for WindowsStandalone target not found
Native extension for WebGL target not found
Refreshing native plugins compatible for Editor in 44.18 ms, found 1 plugins.
Preloading 0 native plugins for Editor in 0.00 ms.
Mono: successfully reloaded assembly
- Completed reload, in  1.762 seconds
Platform modules already initialized, skipping
Registering precompiled user dll's ...
Registered in 0.001539 seconds.
Begin MonoManager ReloadAssembly
Native extension for WindowsStandalone target not found
Native extension for WebGL target not found
Refreshing native plugins compatible for Editor in 42.11 ms, found 1 plugins.
Preloading 0 native plugins for Editor in 0.00 ms.
Mono: successfully reloaded assembly
- Completed reload, in  0.942 seconds
Platform modules already initialized, skipping
========================================================================
Worker process is ready to serve import requests
Launched and connected shader compiler UnityShaderCompiler.exe after 0.04 seconds
Refreshing native plugins compatible for Editor in 0.47 ms, found 1 plugins.
Preloading 0 native plugins for Editor in 0.00 ms.
Unloading 1987 Unused Serialized files (Serialized files now loaded: 0)
System memory in use before: 91.6 MB.
System memory in use after: 91.7 MB.

Unloading 34 unused Assets to reduce memory usage. Loaded Objects now: 2426.
Total: 3.280300 ms (FindLiveObjects: 0.475200 ms CreateObjectMapping: 0.185200 ms MarkObjects: 2.532100 ms  DeleteObjects: 0.086700 ms)

========================================================================
Received Import Request.
  path: Assets/Prefabs/Pieces/t_piece_test.prefab
  artifactKey: Guid(a13240add0f041047a614c3050ab1dbc) Importer(815301076,1909f56bfc062723c751e8b465ee728b)
Start importing Assets/Prefabs/Pieces/t_piece_test.prefab using Guid(a13240add0f041047a614c3050ab1dbc) Importer(815301076,1909f56bfc062723c751e8b465ee728b)  -> (artifact id: '7ce6002f252919754e3a64d446fab4bc') in 0.095637 seconds
  Import took 0.100147 seconds .

========================================================================
Received Import Request.
  Time since last request: 0.000307 seconds.
  path: Assets/Prefabs/Pieces/t_piece_test 1.prefab
  artifactKey: Guid(2a10a7601a5c65043aa9c14799867489) Importer(815301076,1909f56bfc062723c751e8b465ee728b)
Start importing Assets/Prefabs/Pieces/t_piece_test 1.prefab using Guid(2a10a7601a5c65043aa9c14799867489) Importer(815301076,1909f56bfc062723c751e8b465ee728b)  -> (artifact id: '43446eaf6d3a22dac0da28f9bd547228') in 0.014932 seconds
  Import took 0.018615 seconds .

========================================================================
Received Import Request.
  Time since last request: 6.354006 seconds.
  path: Assets/Prefabs/Pieces/t_piece.prefab
  artifactKey: Guid(2a10a7601a5c65043aa9c14799867489) Importer(815301076,1909f56bfc062723c751e8b465ee728b)
Start importing Assets/Prefabs/Pieces/t_piece.prefab using Guid(2a10a7601a5c65043aa9c14799867489) Importer(815301076,1909f56bfc062723c751e8b465ee728b)  -> (artifact id: '40f012ca997124522dc2f5e34e3349d5') in 0.014213 seconds
  Import took 0.018005 seconds .

========================================================================
Received Import Request.
  Time since last request: 4.807310 seconds.
  path: Assets/Prefabs/Pieces/z_piece.prefab
  artifactKey: Guid(a13240add0f041047a614c3050ab1dbc) Importer(815301076,1909f56bfc062723c751e8b465ee728b)
Start importing Assets/Prefabs/Pieces/z_piece.prefab using Guid(a13240add0f041047a614c3050ab1dbc) Importer(815301076,1909f56bfc062723c751e8b465ee728b)  -> (artifact id: '600dc704ba3123a813c956f2f68ae0e1') in 0.014876 seconds
  Import took 0.018655 seconds .

========================================================================
Received Import Request.
  Time since last request: 37.471379 seconds.
  path: Assets/Scenes/PreviewCreationScene.unity
  artifactKey: Guid(4b80fec2c3f3786428c0ff4a10dc63a9) Importer(815301076,1909f56bfc062723c751e8b465ee728b)
Start importing Assets/Scenes/PreviewCreationScene.unity using Guid(4b80fec2c3f3786428c0ff4a10dc63a9) Importer(815301076,1909f56bfc062723c751e8b465ee728b)  -> (artifact id: '31d6fc64d0c5c4c6275ed722049f5500') in 0.007386 seconds
  Import took 0.012318 seconds .

========================================================================
Received Prepare
Registering precompiled user dll's ...
Registered in 0.001703 seconds.
Begin MonoManager ReloadAssembly
Native extension for WindowsStandalone target not found
Native extension for WebGL target not found
Refreshing native plugins compatible for Editor in 0.49 ms, found 1 plugins.
Preloading 0 native plugins for Editor in 0.00 ms.
Mono: successfully reloaded assembly
- Completed reload, in  0.882 seconds
Platform modules already initialized, skipping
Refreshing native plugins compatible for Editor in 0.46 ms, found 1 plugins.
Preloading 0 native plugins for Editor in 0.00 ms.
Unloading 1976 Unused Serialized files (Serialized files now loaded: 0)
System memory in use before: 94.0 MB.
System memory in use after: 94.1 MB.

Unloading 22 unused Assets to reduce memory usage. Loaded Objects now: 2437.
Total: 2.522700 ms (FindLiveObjects: 0.592100 ms CreateObjectMapping: 0.169700 ms MarkObjects: 1.733900 ms  DeleteObjects: 0.025600 ms)

========================================================================
Received Import Request.
  Time since last request: 47.075074 seconds.
  path: Assets/Prefabs/Pieces/z_piece.prefab
  artifactKey: Guid(a13240add0f041047a614c3050ab1dbc) Importer(815301076,1909f56bfc062723c751e8b465ee728b)
Start importing Assets/Prefabs/Pieces/z_piece.prefab using Guid(a13240add0f041047a614c3050ab1dbc) Importer(815301076,1909f56bfc062723c751e8b465ee728b)  -> (artifact id: 'd9eab4d397190c7bc7c47ce8280fef53') in 0.061473 seconds
  Import took 0.065047 seconds .

========================================================================
Received Import Request.
  Time since last request: 2.590013 seconds.
  path: Assets/Prefabs/UI/PiecesPreview/z_piece(Clone)_icon.png
  artifactKey: Guid(4135aa6a63090f44f8f25dd1a8fee15a) Importer(815301076,1909f56bfc062723c751e8b465ee728b)
Start importing Assets/Prefabs/UI/PiecesPreview/z_piece(Clone)_icon.png using Guid(4135aa6a63090f44f8f25dd1a8fee15a) Importer(815301076,1909f56bfc062723c751e8b465ee728b)  -> (artifact id: 'b379f4da6a6ba50cec18c5ba328c65c5') in 0.063325 seconds
  Import took 0.068698 seconds .

========================================================================
Received Import Request.
  Time since last request: 1.636907 seconds.
  path: Assets/Prefabs/Pieces/z_piece.prefab
  artifactKey: Guid(a13240add0f041047a614c3050ab1dbc) Importer(815301076,1909f56bfc062723c751e8b465ee728b)
Start importing Assets/Prefabs/Pieces/z_piece.prefab using Guid(a13240add0f041047a614c3050ab1dbc) Importer(815301076,1909f56bfc062723c751e8b465ee728b)  -> (artifact id: 'c26e97deef1250189ee3c42710db9342') in 0.006089 seconds
  Import took 0.009883 seconds .

========================================================================
Received Import Request.
  Time since last request: 9.836323 seconds.
  path: Assets/Scenes/CoreLoopScene.unity
  artifactKey: Guid(413e7895c95effc41bb7986cba0a1cb9) Importer(815301076,1909f56bfc062723c751e8b465ee728b)
Start importing Assets/Scenes/CoreLoopScene.unity using Guid(413e7895c95effc41bb7986cba0a1cb9) Importer(815301076,1909f56bfc062723c751e8b465ee728b)  -> (artifact id: 'cd6badcad1027b5f9c23253bee2c31e8') in 0.007284 seconds
  Import took 0.010865 seconds .

========================================================================
Received Import Request.
  Time since last request: 14.080256 seconds.
  path: Assets/ScriptableObjects/CoreLoopGameData/default_piece_set.asset
  artifactKey: Guid(197161dc4038c4f4cb83bfc53e7bc011) Importer(815301076,1909f56bfc062723c751e8b465ee728b)
Start importing Assets/ScriptableObjects/CoreLoopGameData/default_piece_set.asset using Guid(197161dc4038c4f4cb83bfc53e7bc011) Importer(815301076,1909f56bfc062723c751e8b465ee728b)  -> (artifact id: '002162a89735266c717100b7ebc67772') in 0.012484 seconds
  Import took 0.016442 seconds .

========================================================================
Received Prepare
Registering precompiled user dll's ...
Registered in 0.001613 seconds.
Begin MonoManager ReloadAssembly
Native extension for WindowsStandalone target not found
Native extension for WebGL target not found
Refreshing native plugins compatible for Editor in 0.52 ms, found 1 plugins.
Preloading 0 native plugins for Editor in 0.00 ms.
Mono: successfully reloaded assembly
- Completed reload, in  0.846 seconds
Platform modules already initialized, skipping
Refreshing native plugins compatible for Editor in 0.48 ms, found 1 plugins.
Preloading 0 native plugins for Editor in 0.00 ms.
Unloading 1976 Unused Serialized files (Serialized files now loaded: 0)
System memory in use before: 94.1 MB.
System memory in use after: 94.2 MB.

Unloading 22 unused Assets to reduce memory usage. Loaded Objects now: 2444.
Total: 1.945800 ms (FindLiveObjects: 0.300200 ms CreateObjectMapping: 0.145800 ms MarkObjects: 1.480000 ms  DeleteObjects: 0.018400 ms)

AssetImportWorkerClient::OnTransportError - code=2 error=End of file
